[19:25:41] (INFO) Logging in via: Google
[19:25:43] (INFO) Client logged in
[19:25:44] ====== User Info ======
[19:25:44] Name: toonistic2
[19:25:44] Team: Neutral
[19:25:44] Level: 8 (LvLUp in 0h 0m | 2575/8000 XP)
[19:25:44] Pokemon: 14
[19:25:44] Stardust: 6100
[19:25:44] ====== Items (105) ======
[19:25:44] RazzBerry x 4
[19:25:44] IncubatorBasicUnlimited x 1
[19:25:44] PokeBall x 50
[19:25:44] Revive x 25
[19:25:44] IncenseOrdinary x 2
[19:25:44] Potion x 23
[19:25:44] ====== Transfer Settings ======
[19:25:44] Keep Above CP:           0
[19:25:44] Keep Above IV:           0
[19:25:44] Keep Above V:            0
[19:25:44] Transfer Below CP:       50
[19:25:44] Transfer Below IV:       0
[19:25:44] Transfer Below V:        0
[19:25:44] Transfer Evolvable:      True
[19:25:44] PokemonsNotToTransfer:    20
[19:25:44] Aerodactyl
[19:25:44] Alakazam
[19:25:44] Arcanine
[19:25:44] Charizard
[19:25:44] Dragonite
[19:25:44] Exeggutor
[19:25:44] Farfetchd
[19:25:44] Grimer
[19:25:44] Gyarados
[19:25:44] Kangaskhan
[19:25:44] Magmar
[19:25:44] Mew
[19:25:44] Mewtwo
[19:25:44] Moltres
[19:25:44] MrMime
[19:25:44] Raichu
[19:25:44] Snorlax
[19:25:44] Tauros
[19:25:44] Victreebel
[19:25:44] Zapdos
[19:25:44] ====== Most Valuable ======
[19:25:44] Gloom               169 True Value |  122 Cp | 85.14% Perfect | Lvl 03 | RazorLeaf/SludgeBomb
[19:25:44] Venonat             142 True Value |  156 Cp | 63.59% Perfect | Lvl 06 | BugBite/Psybeam
[19:25:44] Paras               140 True Value |   62 Cp | 63.57% Perfect | Lvl 03 | BugBite/SeedBomb
[19:25:44] Venonat             140 True Value |   72 Cp | 75.70% Perfect | Lvl 03 | Confusion/Psybeam
[19:25:44] Primeape            127 True Value |  330 Cp | 44.48% Perfect | Lvl 07 | LowKick/CrossChop
[19:25:44] Krabby              121 True Value |   75 Cp | 66.16% Perfect | Lvl 04 | Bubble/ViceGrip
[19:25:44] Ekans               116 True Value |   76 Cp | 56.24% Perfect | Lvl 04 | PoisonSting/SludgeBomb
[19:25:44] Staryu              115 True Value |   61 Cp | 48.97% Perfect | Lvl 03 | WaterGun/PowerGem
[19:25:44] Krabby              111 True Value |  110 Cp | 40.67% Perfect | Lvl 06 | MudShot/BubbleBeam
[19:25:44] Ekans               111 True Value |   96 Cp | 48.56% Perfect | Lvl 05 | PoisonSting/SludgeBomb
[19:25:44] Pidgey              104 True Value |   94 Cp | 40.24% Perfect | Lvl 06 | Tackle/AirCutter
[19:25:44] Pidgey              98 True Value |   93 Cp | 39.08% Perfect | Lvl 06 | QuickAttack/AerialAce
[19:25:44] Rattata             95 True Value |   75 Cp | 26.87% Perfect | Lvl 06 | QuickAttack/Dig
[19:25:44] Weedle              86 True Value |   72 Cp | 46.87% Perfect | Lvl 07 | PoisonSting/Struggle
[19:25:44] ====== Highest CP ======
[19:25:44] Primeape            127 True Value |  330 Cp | 44.48% Perfect | Lvl 07 | LowKick/CrossChop
[19:25:44] Venonat             142 True Value |  156 Cp | 63.59% Perfect | Lvl 06 | BugBite/Psybeam
[19:25:44] Gloom               169 True Value |  122 Cp | 85.14% Perfect | Lvl 03 | RazorLeaf/SludgeBomb
[19:25:44] Krabby              111 True Value |  110 Cp | 40.67% Perfect | Lvl 06 | MudShot/BubbleBeam
[19:25:44] Ekans               111 True Value |   96 Cp | 48.56% Perfect | Lvl 05 | PoisonSting/SludgeBomb
[19:25:44] Pidgey              104 True Value |   94 Cp | 40.24% Perfect | Lvl 06 | Tackle/AirCutter
[19:25:44] Pidgey              98 True Value |   93 Cp | 39.08% Perfect | Lvl 06 | QuickAttack/AerialAce
[19:25:44] Ekans               116 True Value |   76 Cp | 56.24% Perfect | Lvl 04 | PoisonSting/SludgeBomb
[19:25:44] Krabby              121 True Value |   75 Cp | 66.16% Perfect | Lvl 04 | Bubble/ViceGrip
[19:25:44] Rattata             95 True Value |   75 Cp | 26.87% Perfect | Lvl 06 | QuickAttack/Dig
[19:25:44] Venonat             140 True Value |   72 Cp | 75.70% Perfect | Lvl 03 | Confusion/Psybeam
[19:25:44] Weedle              86 True Value |   72 Cp | 46.87% Perfect | Lvl 07 | PoisonSting/Struggle
[19:25:44] Paras               140 True Value |   62 Cp | 63.57% Perfect | Lvl 03 | BugBite/SeedBomb
[19:25:44] Staryu              115 True Value |   61 Cp | 48.97% Perfect | Lvl 03 | WaterGun/PowerGem
[19:25:44] ====== Most Perfect Genetics ======
[19:25:44] Gloom               169 True Value |  122 Cp | 85.14% Perfect | Lvl 03 | RazorLeaf/SludgeBomb
[19:25:44] Venonat             140 True Value |   72 Cp | 75.70% Perfect | Lvl 03 | Confusion/Psybeam
[19:25:44] Krabby              121 True Value |   75 Cp | 66.16% Perfect | Lvl 04 | Bubble/ViceGrip
[19:25:44] Venonat             142 True Value |  156 Cp | 63.59% Perfect | Lvl 06 | BugBite/Psybeam
[19:25:44] Paras               140 True Value |   62 Cp | 63.57% Perfect | Lvl 03 | BugBite/SeedBomb
[19:25:44] Ekans               116 True Value |   76 Cp | 56.24% Perfect | Lvl 04 | PoisonSting/SludgeBomb
[19:25:44] Staryu              115 True Value |   61 Cp | 48.97% Perfect | Lvl 03 | WaterGun/PowerGem
[19:25:44] Ekans               111 True Value |   96 Cp | 48.56% Perfect | Lvl 05 | PoisonSting/SludgeBomb
[19:25:44] Weedle              86 True Value |   72 Cp | 46.87% Perfect | Lvl 07 | PoisonSting/Struggle
[19:25:44] Primeape            127 True Value |  330 Cp | 44.48% Perfect | Lvl 07 | LowKick/CrossChop
[19:25:44] Krabby              111 True Value |  110 Cp | 40.67% Perfect | Lvl 06 | MudShot/BubbleBeam
[19:25:44] Pidgey              104 True Value |   94 Cp | 40.24% Perfect | Lvl 06 | Tackle/AirCutter
[19:25:44] Pidgey              98 True Value |   93 Cp | 39.08% Perfect | Lvl 06 | QuickAttack/AerialAce
[19:25:44] Rattata             95 True Value |   75 Cp | 26.87% Perfect | Lvl 06 | QuickAttack/Dig
[19:25:48] (INFO) Found 74 Pokestops
[19:25:49] (POKESTOP) NUS 1962-1980 in 14.67 m distance
[19:25:49] (NAVIGATION) Distance to target location: 14.67 meters. Will take 1.76 seconds driving at 30kmh
[19:25:51] (POKESTOP) XP: 50, Gems: 0, Eggs: 0, Items: 3 x ItemPokeBall
[19:25:52] (POKESTOP) NUS Graduate Pot in 55.17 m distance
[19:25:52] (NAVIGATION) Distance to target location: 55.17 meters. Will take 6.62 seconds driving at 30kmh
[19:25:57] (POKESTOP) XP: 50, Gems: 0, Eggs: 0, Items: 2 x ItemPokeBall, 1 x ItemRazzBerry
[19:25:58] (POKESTOP) Blueprints Embedded On Stone in 75.08 m distance
[19:25:58] (NAVIGATION) Distance to target location: 75.08 meters. Will take 9.65 seconds driving at 28kmh
[19:26:05] (POKESTOP) XP: 50, Gems: 0, Eggs: 0, Items: 2 x ItemPokeBall, 1 x ItemRazzBerry
[19:26:07] (POKESTOP) Tree of Benevolence in 102.18 m distance
[19:26:07] (NAVIGATION) Distance to target location: 102.18 meters. Will take 12.68 seconds driving at 29kmh
[19:26:18] (POKESTOP) XP: 50, Gems: 0, Eggs: 0, Items: 1 x ItemPokeBall, 1 x ItemPotion, 1 x ItemRazzBerry
[19:26:20] (POKESTOP) NUS Historial Plaques in 60.47 m distance
[19:26:20] (NAVIGATION) Distance to target location: 60.47 meters. Will take 7.78 seconds driving at 28kmh
[19:26:27] (POKESTOP) XP: 50, Gems: 0, Eggs: 0, Items: 2 x ItemPokeBall, 1 x ItemPotion
[19:26:27] (INFO) Found 1 Recyclable Item:
[19:26:28] (RECYCLING) PokeBall x 10
[19:26:30] (POKESTOP) Integration in 49.59 m distance
[19:26:30] (NAVIGATION) Distance to target location: 49.59 meters. Will take 6.16 seconds driving at 29kmh
[19:26:35] (POKESTOP) XP: 50, Gems: 0, Eggs: 0, Items: 1 x ItemPokeBall, 1 x ItemPotion, 1 x ItemRevive
[19:26:36] (POKESTOP) The Baroque Scroll in 52.15 m distance
[19:26:36] (NAVIGATION) Distance to target location: 52.15 meters. Will take 6.71 seconds driving at 28kmh
[19:26:41] (POKESTOP) XP: 50, Gems: 0, Eggs: 0, Items: 2 x ItemPokeBall, 1 x ItemRevive
[19:26:42] (POKESTOP) Synergy in Motion in 65.15 m distance
[19:26:42] (NAVIGATION) Distance to target location: 65.15 meters. Will take 7.57 seconds driving at 31kmh
[19:26:48] (POKESTOP) XP: 50, Gems: 0, Eggs: 0, Items: 3 x ItemPokeBall
[19:26:49] (POKESTOP) Sage In Shaw in 43.34 m distance
[19:26:49] (NAVIGATION) Distance to target location: 43.34 meters. Will take 5.03 seconds driving at 31kmh
[19:26:53] (POKESTOP) XP: 50, Gems: 0, Eggs: 0, Items: 3 x ItemPokeBall
[19:26:55] (POKESTOP) Biological Atom in 60.34 m distance
[19:26:55] (NAVIGATION) Distance to target location: 60.34 meters. Will take 7.01 seconds driving at 31kmh
[19:27:00] (POKESTOP) XP: 100, Gems: 0, Eggs: 0, Items: 1 x ItemPokeBall, 1 x ItemPotion, 3 x ItemRevive, 1 x ItemRazzBerry
[19:27:00] (INFO) Found 2 Recyclable Items:
[19:27:01] (RECYCLING) PokeBall x 10
[19:27:02] (RECYCLING) Revive x 5
[19:27:04] (POKESTOP) NUS Business School in 121.39 m distance
[19:27:04] (NAVIGATION) Distance to target location: 121.39 meters. Will take 13.66 seconds driving at 32kmh
[19:27:17] (POKESTOP) XP: 50, Gems: 0, Eggs: 0, Items: 1 x ItemPokeBall, 1 x ItemPotion, 1 x ItemRazzBerry
[19:27:18] (POKESTOP) Keio Cute Center in 76.86 m distance
[19:27:18] (NAVIGATION) Distance to target location: 76.86 meters. Will take 9.22 seconds driving at 30kmh
[19:27:26] (POKESTOP) XP: 50, Gems: 0, Eggs: 0, Items: 3 x ItemPokeBall
[19:27:27] (POKESTOP) Waterfall Fountain in 66.64 m distance
[19:27:27] (NAVIGATION) Distance to target location: 66.64 meters. Will take 8.27 seconds driving at 29kmh
[19:27:34] (POKESTOP) XP: 50, Gems: 0, Eggs: 0, Items: 2 x ItemPokeBall, 1 x ItemRazzBerry
[19:27:35] (POKESTOP) SeSaMe Center in 79.34 m distance
[19:27:36] (NAVIGATION) Distance to target location: 79.34 meters. Will take 9.52 seconds driving at 30kmh
[19:27:44] (POKESTOP) XP: 50, Gems: 0, Eggs: 0, Items: 2 x ItemPokeBall, 1 x ItemPotion
[19:27:45] (POKESTOP) Mochtar Riady Building in 47.23 m distance
[19:27:45] (NAVIGATION) Distance to target location: 47.23 meters. Will take 5.48 seconds driving at 31kmh
[19:27:50] (POKESTOP) XP: 50, Gems: 0, Eggs: 0, Items: 1 x ItemPokeBall, 2 x ItemRevive
[19:27:50] (INFO) Found 2 Recyclable Items:
[19:27:52] (RECYCLING) PokeBall x 9
[19:27:52] (RECYCLING) Revive x 2
[19:27:54] (INFO) Found 1 catchable Pokemon
[19:27:56] (Wild Success) | Pidgey 66 V |   40 Cp | 21.57% | Lvl 03 | Chance: 0.92 | with a PokeBall and received XP 210
[19:27:57] (INFO) Found 1 pokemon to transfer...
[19:27:59] (TRANSFER) Pidgey 66 V |   40 Cp | 21.57% | Lvl 03 | Best: [Pidgey 104 V |   94 Cp | 40.24% | Lvl 06] | Candy: 46
[19:28:00] (POKESTOP) Kent Ridge Hall in 80.57 m distance
[19:28:00] (NAVIGATION) Distance to target location: 80.57 meters. Will take 10 seconds driving at 29kmh
[19:28:09] (POKESTOP) XP: 50, Gems: 0, Eggs: 0, Items: 2 x ItemPokeBall, 1 x ItemRevive
[19:28:10] (POKESTOP) Benjamin Henry Sheares in 101.7 m distance
[19:28:10] (NAVIGATION) Distance to target location: 101.7 meters. Will take 13.08 seconds driving at 28kmh
[19:28:21] (INFO) Found 2 catchable Pokemon
[19:28:22] (Wild Success) | Pidgeotto 98 V |   78 Cp | 30.39% | Lvl 03 | Chance: 0.46 | with a PokeBall and received XP 710
[19:28:24] (Wild Success) | Ekans 115 V |   10 Cp | 33.70% | Lvl 01 | Chance: 1 | with a PokeBall and received XP 210
[19:28:25] (INFO) Found 2 pokemon to transfer...
[19:28:27] (TRANSFER) Ekans 111 V |   96 Cp | 48.56% | Lvl 05 | Best: [Ekans 116 V |   76 Cp | 56.24% | Lvl 04] | Candy: 18
[19:28:30] (TRANSFER) Ekans 115 V |   10 Cp | 33.70% | Lvl 01 | Best: [Ekans 116 V |   76 Cp | 56.24% | Lvl 04] | Candy: 19
[19:42:16] (INFO) Logging in via: Google
[19:42:18] (INFO) Client logged in
[19:42:19] ====== User Info ======
[19:42:19] Name: toonistic2
[19:42:19] Team: Neutral
[19:42:19] Level: 8 (LvLUp in 0h 0m | 4555/8000 XP)
[19:42:19] Pokemon: 14
[19:42:19] Stardust: 6400
[19:42:19] ====== Items (117) ======
[19:42:19] RazzBerry x 10
[19:42:19] IncubatorBasicUnlimited x 1
[19:42:19] PokeBall x 49
[19:42:19] Revive x 26
[19:42:19] IncenseOrdinary x 2
[19:42:19] Potion x 29
[19:42:19] ====== Transfer Settings ======
[19:42:19] Keep Above CP:           0
[19:42:19] Keep Above IV:           0
[19:42:19] Keep Above V:            0
[19:42:19] Transfer Below CP:       50
[19:42:19] Transfer Below IV:       0
[19:42:19] Transfer Below V:        0
[19:42:19] Transfer Evolvable:      True
[19:42:19] PokemonsNotToTransfer:    20
[19:42:19] Aerodactyl
[19:42:19] Alakazam
[19:42:19] Arcanine
[19:42:19] Charizard
[19:42:19] Dragonite
[19:42:19] Exeggutor
[19:42:19] Farfetchd
[19:42:19] Grimer
[19:42:19] Gyarados
[19:42:19] Kangaskhan
[19:42:19] Magmar
[19:42:19] Mew
[19:42:19] Mewtwo
[19:42:19] Moltres
[19:42:19] MrMime
[19:42:19] Raichu
[19:42:19] Snorlax
[19:42:19] Tauros
[19:42:19] Victreebel
[19:42:19] Zapdos
[19:42:19] ====== Most Valuable ======
[19:42:19] Gloom               169 True Value |  122 Cp | 85.14% Perfect | Lvl 03 | RazorLeaf/SludgeBomb
[19:42:19] Venonat             142 True Value |  156 Cp | 63.59% Perfect | Lvl 06 | BugBite/Psybeam
[19:42:19] Paras               140 True Value |   62 Cp | 63.57% Perfect | Lvl 03 | BugBite/SeedBomb
[19:42:19] Venonat             140 True Value |   72 Cp | 75.70% Perfect | Lvl 03 | Confusion/Psybeam
[19:42:19] Primeape            127 True Value |  330 Cp | 44.48% Perfect | Lvl 07 | LowKick/CrossChop
[19:42:19] Krabby              121 True Value |   75 Cp | 66.16% Perfect | Lvl 04 | Bubble/ViceGrip
[19:42:19] Ekans               116 True Value |   76 Cp | 56.24% Perfect | Lvl 04 | PoisonSting/SludgeBomb
[19:42:19] Staryu              115 True Value |   61 Cp | 48.97% Perfect | Lvl 03 | WaterGun/PowerGem
[19:42:19] Krabby              111 True Value |  110 Cp | 40.67% Perfect | Lvl 06 | MudShot/BubbleBeam
[19:42:19] Pidgey              104 True Value |   94 Cp | 40.24% Perfect | Lvl 06 | Tackle/AirCutter
[19:42:19] Pidgeotto           98 True Value |   78 Cp | 30.39% Perfect | Lvl 03 | WingAttack/AerialAce
[19:42:19] Pidgey              98 True Value |   93 Cp | 39.08% Perfect | Lvl 06 | QuickAttack/AerialAce
[19:42:19] Rattata             95 True Value |   75 Cp | 26.87% Perfect | Lvl 06 | QuickAttack/Dig
[19:42:19] Weedle              86 True Value |   72 Cp | 46.87% Perfect | Lvl 07 | PoisonSting/Struggle
[19:42:19] ====== Highest CP ======
[19:42:19] Primeape            127 True Value |  330 Cp | 44.48% Perfect | Lvl 07 | LowKick/CrossChop
[19:42:19] Venonat             142 True Value |  156 Cp | 63.59% Perfect | Lvl 06 | BugBite/Psybeam
[19:42:19] Gloom               169 True Value |  122 Cp | 85.14% Perfect | Lvl 03 | RazorLeaf/SludgeBomb
[19:42:19] Krabby              111 True Value |  110 Cp | 40.67% Perfect | Lvl 06 | MudShot/BubbleBeam
[19:42:19] Pidgey              104 True Value |   94 Cp | 40.24% Perfect | Lvl 06 | Tackle/AirCutter
[19:42:19] Pidgey              98 True Value |   93 Cp | 39.08% Perfect | Lvl 06 | QuickAttack/AerialAce
[19:42:19] Pidgeotto           98 True Value |   78 Cp | 30.39% Perfect | Lvl 03 | WingAttack/AerialAce
[19:42:19] Ekans               116 True Value |   76 Cp | 56.24% Perfect | Lvl 04 | PoisonSting/SludgeBomb
[19:42:19] Krabby              121 True Value |   75 Cp | 66.16% Perfect | Lvl 04 | Bubble/ViceGrip
[19:42:19] Rattata             95 True Value |   75 Cp | 26.87% Perfect | Lvl 06 | QuickAttack/Dig
[19:42:19] Venonat             140 True Value |   72 Cp | 75.70% Perfect | Lvl 03 | Confusion/Psybeam
[19:42:19] Weedle              86 True Value |   72 Cp | 46.87% Perfect | Lvl 07 | PoisonSting/Struggle
[19:42:19] Paras               140 True Value |   62 Cp | 63.57% Perfect | Lvl 03 | BugBite/SeedBomb
[19:42:19] Staryu              115 True Value |   61 Cp | 48.97% Perfect | Lvl 03 | WaterGun/PowerGem
[19:42:19] ====== Most Perfect Genetics ======
[19:42:19] Gloom               169 True Value |  122 Cp | 85.14% Perfect | Lvl 03 | RazorLeaf/SludgeBomb
[19:42:19] Venonat             140 True Value |   72 Cp | 75.70% Perfect | Lvl 03 | Confusion/Psybeam
[19:42:19] Krabby              121 True Value |   75 Cp | 66.16% Perfect | Lvl 04 | Bubble/ViceGrip
[19:42:19] Venonat             142 True Value |  156 Cp | 63.59% Perfect | Lvl 06 | BugBite/Psybeam
[19:42:19] Paras               140 True Value |   62 Cp | 63.57% Perfect | Lvl 03 | BugBite/SeedBomb
[19:42:19] Ekans               116 True Value |   76 Cp | 56.24% Perfect | Lvl 04 | PoisonSting/SludgeBomb
[19:42:19] Staryu              115 True Value |   61 Cp | 48.97% Perfect | Lvl 03 | WaterGun/PowerGem
[19:42:19] Weedle              86 True Value |   72 Cp | 46.87% Perfect | Lvl 07 | PoisonSting/Struggle
[19:42:19] Primeape            127 True Value |  330 Cp | 44.48% Perfect | Lvl 07 | LowKick/CrossChop
[19:42:19] Krabby              111 True Value |  110 Cp | 40.67% Perfect | Lvl 06 | MudShot/BubbleBeam
[19:42:19] Pidgey              104 True Value |   94 Cp | 40.24% Perfect | Lvl 06 | Tackle/AirCutter
[19:42:19] Pidgey              98 True Value |   93 Cp | 39.08% Perfect | Lvl 06 | QuickAttack/AerialAce
[19:42:19] Pidgeotto           98 True Value |   78 Cp | 30.39% Perfect | Lvl 03 | WingAttack/AerialAce
[19:42:19] Rattata             95 True Value |   75 Cp | 26.87% Perfect | Lvl 06 | QuickAttack/Dig
[19:42:22] (INFO) Found 1 Recyclable Item:
[19:42:23] (RECYCLING) Revive x 1
[19:42:24] (INFO) Found 87 Pokestops
[19:42:24] (POKESTOP) Kent Ridge Hall in 10.16 m distance
[19:42:24] (NAVIGATION) Distance to target location: 10.16 meters. Will take 1.14 seconds driving at 32kmh
[19:42:27] (POKESTOP) XP: 50, Gems: 0, Eggs: 0, Items: 3 x ItemPokeBall
[19:42:29] (POKESTOP) SeSaMe Center in 49.46 m distance
[19:42:29] (NAVIGATION) Distance to target location: 49.46 meters. Will take 6.36 seconds driving at 28kmh
[19:42:33] (POKESTOP) XP: 50, Gems: 0, Eggs: 0, Items: 2 x ItemPokeBall, 1 x ItemRevive
[19:42:35] (POKESTOP) Mochtar Riady Building in 64.92 m distance
[19:42:35] (NAVIGATION) Distance to target location: 64.92 meters. Will take 8.35 seconds driving at 28kmh
[19:42:40] (POKESTOP) XP: 50, Gems: 0, Eggs: 0, Items: 2 x ItemPokeBall, 1 x ItemRevive
[19:42:42] (POKESTOP) Tree of Benevolence in 86.83 m distance
[19:42:42] (NAVIGATION) Distance to target location: 86.83 meters. Will take 10.78 seconds driving at 29kmh
[19:42:51] (POKESTOP) XP: 50, Gems: 0, Eggs: 0, Items: 3 x ItemPokeBall
[19:42:52] (POKESTOP) NUS Historial Plaques in 60.01 m distance
[19:42:52] (NAVIGATION) Distance to target location: 60.01 meters. Will take 7.72 seconds driving at 28kmh
[19:42:57] (POKESTOP) XP: 50, Gems: 0, Eggs: 0, Items: 3 x ItemPokeBall
[19:42:58] (INFO) Found 2 Recyclable Items:
[19:42:58] (RECYCLING) PokeBall x 12
[19:42:59] (RECYCLING) Revive x 2
[19:43:02] (INFO) Found 1 catchable Pokemon
[19:43:03] (Wild Success) | Ekans 143 V |  167 Cp | 59.48% | Lvl 08 | Chance: 0.53 | with a PokeBall and received XP 210
[19:43:05] (POKESTOP) Integration in 63.82 m distance
[19:43:05] (NAVIGATION) Distance to target location: 63.82 meters. Will take 8.21 seconds driving at 28kmh
[19:43:08] (INFO) Found 1 catchable Pokemon
[19:43:09] (Wild Success) | Abra 173 V |  127 Cp | 79.52% | Lvl 08 | Chance: 0.53 | with a PokeBall and received XP 210
[19:43:13] (POKESTOP) XP: 50, Gems: 0, Eggs: 0, Items: 3 x ItemPokeBall
[19:43:15] (POKESTOP) The Baroque Scroll in 43.68 m distance
[19:43:15] (NAVIGATION) Distance to target location: 43.68 meters. Will take 5.24 seconds driving at 30kmh
[19:43:18] (POKESTOP) XP: 50, Gems: 0, Eggs: 0, Items: 1 x ItemRazzBerry, 1 x ItemPokeBall, 1 x ItemPotion
[19:43:20] (POKESTOP) Synergy in Motion in 65.3 m distance
[19:43:20] (NAVIGATION) Distance to target location: 65.3 meters. Will take 7.58 seconds driving at 31kmh
[19:43:26] (POKESTOP) XP: 50, Gems: 0, Eggs: 0, Items: 2 x ItemPokeBall, 1 x ItemPotion
[19:43:27] (POKESTOP) Sage In Shaw in 46.34 m distance
[19:43:27] (NAVIGATION) Distance to target location: 46.34 meters. Will take 5.75 seconds driving at 29kmh
[19:43:32] (POKESTOP) XP: 50, Gems: 0, Eggs: 0, Items: 3 x ItemPokeBall
[19:43:34] (POKESTOP) Biological Atom in 54.02 m distance
[19:43:34] (NAVIGATION) Distance to target location: 54.02 meters. Will take 6.27 seconds driving at 31kmh
[19:43:38] (POKESTOP) XP: 100, Gems: 0, Eggs: 0, Items: 6 x ItemPokeBall, 1 x ItemPotion
[19:43:38] (INFO) Found 2 Recyclable Items:
[19:43:39] (RECYCLING) PokeBall x 13
[19:43:40] (RECYCLING) Potion x 2
[19:43:43] (POKESTOP) NUS Business School in 120.82 m distance
[19:43:43] (NAVIGATION) Distance to target location: 120.82 meters. Will take 15.53 seconds driving at 28kmh
[19:43:56] (POKESTOP) XP: 50, Gems: 0, Eggs: 0, Items: 1 x ItemRazzBerry, 1 x ItemPokeBall, 1 x ItemRevive
[19:43:58] (POKESTOP) Keio Cute Center in 75.5 m distance
[19:43:58] (NAVIGATION) Distance to target location: 75.5 meters. Will take 8.77 seconds driving at 31kmh
[19:44:04] (POKESTOP) XP: 50, Gems: 0, Eggs: 0, Items: 1 x ItemRazzBerry, 2 x ItemPokeBall
[19:44:06] (POKESTOP) Waterfall Fountain in 66.44 m distance
[19:44:06] (NAVIGATION) Distance to target location: 66.44 meters. Will take 7.97 seconds driving at 30kmh
[19:44:13] (POKESTOP) XP: 50, Gems: 0, Eggs: 0, Items: 1 x ItemRazzBerry, 2 x ItemPokeBall
[19:44:14] (POKESTOP) Benjamin Henry Sheares in 142.83 m distance
[19:44:14] (NAVIGATION) Distance to target location: 142.83 meters. Will take 16.59 seconds driving at 31kmh
[19:44:29] (POKESTOP) XP: 50, Gems: 0, Eggs: 0, Items: 1 x ItemRazzBerry, 2 x ItemPokeBall
[19:44:30] (INFO) Found 2 catchable Pokemon
[19:44:32] (Wild Success) | Pidgey 99 V |   78 Cp | 45.82% | Lvl 05 | Chance: 0.68 | with a PokeBall and received XP 210
[19:44:33] (Wild Success) | Spearow 101 V |   61 Cp | 44.76% | Lvl 04 | Chance: 0.78 | with a PokeBall and received XP 210
[19:44:35] (INFO) Found 1 pokemon to transfer...
[19:44:37] (TRANSFER) Pidgey 98 V |   93 Cp | 39.08% | Lvl 06 | Best: [Pidgey 104 V |   94 Cp | 40.24% | Lvl 06] | Candy: 53
[19:44:37] (POKESTOP) Institute of Systems Science in 123.29 m distance
[19:44:37] (NAVIGATION) Distance to target location: 123.29 meters. Will take 15.3 seconds driving at 29kmh
[19:44:51] (POKESTOP) XP: 50, Gems: 0, Eggs: 0, Items: 1 x ItemRazzBerry, 1 x ItemPokeBall, 1 x ItemPotion
[19:44:52] (INFO) Found 3 Recyclable Items:
[19:44:52] (RECYCLING) PokeBall x 6
[19:44:53] (RECYCLING) Revive x 1
[19:44:53] (RECYCLING) Potion x 1
[19:44:56] (POKESTOP) Beautiful Waterfall in 131.03 m distance
[19:44:56] (NAVIGATION) Distance to target location: 131.03 meters. Will take 14.74 seconds driving at 32kmh
[19:45:09] (POKESTOP) XP: 50, Gems: 0, Eggs: 0, Items: 1 x ItemPokeBall, 1 x ItemPotion, 1 x ItemRevive
[19:45:10] (POKESTOP) Beacon of Hope in 104.51 m distance
[19:45:10] (NAVIGATION) Distance to target location: 104.51 meters. Will take 12.97 seconds driving at 29kmh
[19:45:20] (POKESTOP) XP: 50, Gems: 0, Eggs: 0, Items: 2 x ItemPokeBall, 1 x ItemPotion
[19:45:22] (POKESTOP) Moai Statue at APEC Secretariat in 92.65 m distance
[19:45:22] (NAVIGATION) Distance to target location: 92.65 meters. Will take 11.5 seconds driving at 29kmh
[19:45:32] (POKESTOP) XP: 50, Gems: 0, Eggs: 0, Items: 2 x ItemPokeBall, 1 x ItemPotion
[19:45:34] (POKESTOP) Institute of Microelectronics in 196.97 m distance
[19:45:34] (NAVIGATION) Distance to target location: 196.97 meters. Will take 19.7 seconds driving at 36kmh
[19:45:51] (POKESTOP) XP: 50, Gems: 0, Eggs: 0, Items: 3 x ItemPokeBall
[19:45:54] (POKESTOP) Sculpture at PGPR in 141.02 m distance
[19:45:54] (NAVIGATION) Distance to target location: 141.02 meters. Will take 17.51 seconds driving at 29kmh
[19:46:09] (INFO) Found 3 catchable Pokemon
[19:46:11] (Wild Success) | Pidgey 118 V |  118 Cp | 61.06% | Lvl 07 | Chance: 0.57 | with a PokeBall and received XP 210
[19:46:12] (Wild Success) | Slowpoke 109 V |   15 Cp | 42.00% | Lvl 01 | Chance: 1 | with a PokeBall and received XP 710
[19:46:14] (Wild Success) | Psyduck 117 V |  100 Cp | 37.49% | Lvl 04 | Chance: 0.78 | with a PokeBall and received XP 710
[19:46:15] (INFO) Found 2 pokemon to transfer...
[19:46:21] (INFO) Logging in via: Google
[19:47:22] (INFO) Logging in via: Google
[19:47:47] (INFO) Logging in via: Google
[19:47:48] (INFO) Client logged in
[19:47:49] ====== User Info ======
[19:47:49] Name: toonistic2
[19:47:49] Team: Neutral
[19:47:49] Level: 9 (LvLUp in 0h 0m | 25/9000 XP)
[19:47:49] Pokemon: 19
[19:47:49] Stardust: 7100
[19:47:49] ====== Items (133) ======
[19:47:49] RazzBerry x 16
[19:47:49] IncubatorBasicUnlimited x 1
[19:47:49] PokeBall x 55
[19:47:49] Revive x 26
[19:47:49] IncenseOrdinary x 2
[19:47:49] Potion x 33
[19:47:49] ====== Transfer Settings ======
[19:47:49] Keep Above CP:           0
[19:47:49] Keep Above IV:           0
[19:47:49] Keep Above V:            0
[19:47:49] Transfer Below CP:       50
[19:47:49] Transfer Below IV:       0
[19:47:49] Transfer Below V:        0
[19:47:49] Transfer Evolvable:      True
[19:47:49] PokemonsNotToTransfer:    20
[19:47:49] Aerodactyl
[19:47:49] Alakazam
[19:47:49] Arcanine
[19:47:49] Charizard
[19:47:49] Dragonite
[19:47:49] Exeggutor
[19:47:49] Farfetchd
[19:47:49] Grimer
[19:47:49] Gyarados
[19:47:49] Kangaskhan
[19:47:49] Magmar
[19:47:49] Mew
[19:47:49] Mewtwo
[19:47:49] Moltres
[19:47:49] MrMime
[19:47:49] Raichu
[19:47:49] Snorlax
[19:47:49] Tauros
[19:47:49] Victreebel
[19:47:49] Zapdos
[19:47:49] ====== Most Valuable ======
[19:47:49] Abra                173 True Value |  127 Cp | 79.52% Perfect | Lvl 08 | ZenHeadbutt/Psyshock
[19:47:49] Gloom               169 True Value |  122 Cp | 85.14% Perfect | Lvl 03 | RazorLeaf/SludgeBomb
[19:47:49] Ekans               143 True Value |  167 Cp | 59.48% Perfect | Lvl 08 | PoisonSting/GunkShot
[19:47:49] Venonat             142 True Value |  156 Cp | 63.59% Perfect | Lvl 06 | BugBite/Psybeam
[19:47:49] Paras               140 True Value |   62 Cp | 63.57% Perfect | Lvl 03 | BugBite/SeedBomb
[19:47:49] Venonat             140 True Value |   72 Cp | 75.70% Perfect | Lvl 03 | Confusion/Psybeam
[19:47:49] Primeape            127 True Value |  330 Cp | 44.48% Perfect | Lvl 07 | LowKick/CrossChop
[19:47:49] Krabby              121 True Value |   75 Cp | 66.16% Perfect | Lvl 04 | Bubble/ViceGrip
[19:47:49] Pidgey              118 True Value |  118 Cp | 61.06% Perfect | Lvl 07 | Tackle/Twister
[19:47:49] Psyduck             117 True Value |  100 Cp | 37.49% Perfect | Lvl 04 | WaterGun/CrossChop
[19:47:49] Ekans               116 True Value |   76 Cp | 56.24% Perfect | Lvl 04 | PoisonSting/SludgeBomb
[19:47:49] Staryu              115 True Value |   61 Cp | 48.97% Perfect | Lvl 03 | WaterGun/PowerGem
[19:47:49] Krabby              111 True Value |  110 Cp | 40.67% Perfect | Lvl 06 | MudShot/BubbleBeam
[19:47:49] Slowpoke            109 True Value |   15 Cp | 42.00% Perfect | Lvl 01 | WaterGun/Psychic
[19:47:49] Pidgey              104 True Value |   94 Cp | 40.24% Perfect | Lvl 06 | Tackle/AirCutter
[19:47:49] Spearow             101 True Value |   61 Cp | 44.76% Perfect | Lvl 04 | QuickAttack/AerialAce
[19:47:49] Pidgeotto           98 True Value |   78 Cp | 30.39% Perfect | Lvl 03 | WingAttack/AerialAce
[19:47:49] Rattata             95 True Value |   75 Cp | 26.87% Perfect | Lvl 06 | QuickAttack/Dig
[19:47:49] Weedle              86 True Value |   72 Cp | 46.87% Perfect | Lvl 07 | PoisonSting/Struggle
[19:47:49] ====== Highest CP ======
[19:47:49] Primeape            127 True Value |  330 Cp | 44.48% Perfect | Lvl 07 | LowKick/CrossChop
[19:47:49] Ekans               143 True Value |  167 Cp | 59.48% Perfect | Lvl 08 | PoisonSting/GunkShot
[19:47:49] Venonat             142 True Value |  156 Cp | 63.59% Perfect | Lvl 06 | BugBite/Psybeam
[19:47:49] Abra                173 True Value |  127 Cp | 79.52% Perfect | Lvl 08 | ZenHeadbutt/Psyshock
[19:47:49] Gloom               169 True Value |  122 Cp | 85.14% Perfect | Lvl 03 | RazorLeaf/SludgeBomb
[19:47:49] Pidgey              118 True Value |  118 Cp | 61.06% Perfect | Lvl 07 | Tackle/Twister
[19:47:49] Krabby              111 True Value |  110 Cp | 40.67% Perfect | Lvl 06 | MudShot/BubbleBeam
[19:47:49] Psyduck             117 True Value |  100 Cp | 37.49% Perfect | Lvl 04 | WaterGun/CrossChop
[19:47:49] Pidgey              104 True Value |   94 Cp | 40.24% Perfect | Lvl 06 | Tackle/AirCutter
[19:47:49] Pidgeotto           98 True Value |   78 Cp | 30.39% Perfect | Lvl 03 | WingAttack/AerialAce
[19:47:49] Ekans               116 True Value |   76 Cp | 56.24% Perfect | Lvl 04 | PoisonSting/SludgeBomb
[19:47:49] Krabby              121 True Value |   75 Cp | 66.16% Perfect | Lvl 04 | Bubble/ViceGrip
[19:47:49] Rattata             95 True Value |   75 Cp | 26.87% Perfect | Lvl 06 | QuickAttack/Dig
[19:47:49] Venonat             140 True Value |   72 Cp | 75.70% Perfect | Lvl 03 | Confusion/Psybeam
[19:47:49] Weedle              86 True Value |   72 Cp | 46.87% Perfect | Lvl 07 | PoisonSting/Struggle
[19:47:49] Paras               140 True Value |   62 Cp | 63.57% Perfect | Lvl 03 | BugBite/SeedBomb
[19:47:49] Staryu              115 True Value |   61 Cp | 48.97% Perfect | Lvl 03 | WaterGun/PowerGem
[19:47:49] Spearow             101 True Value |   61 Cp | 44.76% Perfect | Lvl 04 | QuickAttack/AerialAce
[19:47:49] Slowpoke            109 True Value |   15 Cp | 42.00% Perfect | Lvl 01 | WaterGun/Psychic
[19:47:49] ====== Most Perfect Genetics ======
[19:47:49] Gloom               169 True Value |  122 Cp | 85.14% Perfect | Lvl 03 | RazorLeaf/SludgeBomb
[19:47:49] Abra                173 True Value |  127 Cp | 79.52% Perfect | Lvl 08 | ZenHeadbutt/Psyshock
[19:47:49] Venonat             140 True Value |   72 Cp | 75.70% Perfect | Lvl 03 | Confusion/Psybeam
[19:47:49] Krabby              121 True Value |   75 Cp | 66.16% Perfect | Lvl 04 | Bubble/ViceGrip
[19:47:49] Venonat             142 True Value |  156 Cp | 63.59% Perfect | Lvl 06 | BugBite/Psybeam
[19:47:49] Paras               140 True Value |   62 Cp | 63.57% Perfect | Lvl 03 | BugBite/SeedBomb
[19:47:49] Pidgey              118 True Value |  118 Cp | 61.06% Perfect | Lvl 07 | Tackle/Twister
[19:47:49] Ekans               143 True Value |  167 Cp | 59.48% Perfect | Lvl 08 | PoisonSting/GunkShot
[19:47:49] Ekans               116 True Value |   76 Cp | 56.24% Perfect | Lvl 04 | PoisonSting/SludgeBomb
[19:47:49] Staryu              115 True Value |   61 Cp | 48.97% Perfect | Lvl 03 | WaterGun/PowerGem
[19:47:49] Weedle              86 True Value |   72 Cp | 46.87% Perfect | Lvl 07 | PoisonSting/Struggle
[19:47:49] Spearow             101 True Value |   61 Cp | 44.76% Perfect | Lvl 04 | QuickAttack/AerialAce
[19:47:49] Primeape            127 True Value |  330 Cp | 44.48% Perfect | Lvl 07 | LowKick/CrossChop
[19:47:49] Slowpoke            109 True Value |   15 Cp | 42.00% Perfect | Lvl 01 | WaterGun/Psychic
[19:47:49] Krabby              111 True Value |  110 Cp | 40.67% Perfect | Lvl 06 | MudShot/BubbleBeam
[19:47:49] Pidgey              104 True Value |   94 Cp | 40.24% Perfect | Lvl 06 | Tackle/AirCutter
[19:47:49] Psyduck             117 True Value |  100 Cp | 37.49% Perfect | Lvl 04 | WaterGun/CrossChop
[19:47:49] Pidgeotto           98 True Value |   78 Cp | 30.39% Perfect | Lvl 03 | WingAttack/AerialAce
[19:47:49] Rattata             95 True Value |   75 Cp | 26.87% Perfect | Lvl 06 | QuickAttack/Dig
[19:47:50] (INFO) Found 1 pokemon to transfer...
[19:47:52] (TRANSFER) Slowpoke 109 V |   15 Cp | 42.00% | Lvl 01 | Best: [NONE] | Candy: 4
[19:47:53] (INFO) Found 3 Recyclable Items:
[19:47:54] (RECYCLING) PokeBall x 5
[19:47:55] (RECYCLING) Revive x 1
[19:47:56] (RECYCLING) Potion x 3
[19:47:57] (INFO) Found 58 Pokestops
[19:47:57] (INFO) Found 1 with lure!
[19:47:59] (POKESTOP) Sculpture at PGPR WITH LURE in 43.82 m distance
[19:47:59] (NAVIGATION) Distance to target location: 43.82 meters. Will take 5.26 seconds driving at 30kmh
[19:48:03] (POKESTOP) XP: 100, Gems: 0, Eggs: 0, Items: 5 x ItemPokeBall, 1 x ItemPotion, 1 x ItemRevive
[19:48:05] (Lure Success) | Weedle 61 V |   75 Cp | 20.66% | Lvl 08 | Chance: 0.53 | with a PokeBall and received XP 210
[19:48:06] (POKESTOP) PhD Geyser in 111.64 m distance
[19:48:06] (NAVIGATION) Distance to target location: 111.64 meters. Will take 13.86 seconds driving at 29kmh
[19:48:12] (INFO) Found 1 catchable Pokemon
[19:48:14] (Wild Success) | Pidgeotto 103 V |  142 Cp | 33.55% | Lvl 05 | Chance: 0.34 | with a PokeBall and received XP 210
[19:48:19] (POKESTOP) XP: 50, Gems: 0, Eggs: 0, Items: 1 x ItemPokeBall, 2 x ItemRevive
